ca65 V2.17 - Git 582aa41
Main file   : src/mmio.s
Current file: src/mmio.s

000000r 1               ;
000000r 1               ; File generated by cc65 v 2.17 - Git 582aa41
000000r 1               ;
000000r 1               	.fopt		compiler,"cc65 v 2.17 - Git 582aa41"
000000r 1               	.setcpu		"6502"
000000r 1               	.smart		on
000000r 1               	.autoimport	on
000000r 1               	.case		on
000000r 1               	.debuginfo	off
000000r 1               	.importzp	sp, sreg, regsave, regbank
000000r 1               	.importzp	tmp1, tmp2, tmp3, tmp4, ptr1, ptr2, ptr3, ptr4
000000r 1               	.macpack	longbranch
000000r 2               .macro  jeq     Target
000000r 2                       .if     .match(Target, 0)
000000r 2                       bne     *+5
000000r 2                       jmp     Target
000000r 2                       .elseif .def(Target) .and .const((*-2)-(Target)) .and ((*+2)-(Target) <= 127)
000000r 2                               beq     Target
000000r 2                       .else
000000r 2                               bne     *+5
000000r 2                               jmp     Target
000000r 2                       .endif
000000r 2               .endmacro
000000r 2               .macro  jne     Target
000000r 2                       .if     .match(Target, 0)
000000r 2                               beq     *+5
000000r 2                               jmp     Target
000000r 2                       .elseif .def(Target) .and .const((*-2)-(Target)) .and ((*+2)-(Target) <= 127)
000000r 2                               bne     Target
000000r 2                       .else
000000r 2                               beq     *+5
000000r 2                               jmp     Target
000000r 2                       .endif
000000r 2               .endmacro
000000r 2               .macro  jmi     Target
000000r 2                       .if     .match(Target, 0)
000000r 2                               bpl     *+5
000000r 2                               jmp     Target
000000r 2                       .elseif .def(Target) .and .const((*-2)-(Target)) .and ((*+2)-(Target) <= 127)
000000r 2                               bmi     Target
000000r 2                       .else
000000r 2                               bpl     *+5
000000r 2                               jmp     Target
000000r 2                       .endif
000000r 2               .endmacro
000000r 2               .macro  jpl     Target
000000r 2                       .if     .match(Target, 0)
000000r 2                               bmi     *+5
000000r 2                               jmp     Target
000000r 2                       .elseif .def(Target) .and .const((*-2)-(Target)) .and ((*+2)-(Target) <= 127)
000000r 2                               bpl     Target
000000r 2                       .else
000000r 2                               bmi     *+5
000000r 2                               jmp     Target
000000r 2                       .endif
000000r 2               .endmacro
000000r 2               .macro  jcs     Target
000000r 2                       .if     .match(Target, 0)
000000r 2                               bcc     *+5
000000r 2                               jmp     Target
000000r 2                       .elseif .def(Target) .and .const((*-2)-(Target)) .and ((*+2)-(Target) <= 127)
000000r 2                               bcs     Target
000000r 2                       .else
000000r 2                               bcc     *+5
000000r 2                               jmp     Target
000000r 2                       .endif
000000r 2               .endmacro
000000r 2               .macro  jcc     Target
000000r 2                       .if     .match(Target, 0)
000000r 2                               bcs     *+5
000000r 2                               jmp     Target
000000r 2                       .elseif .def(Target) .and .const((*-2)-(Target)) .and ((*+2)-(Target) <= 127)
000000r 2                               bcc     Target
000000r 2                       .else
000000r 2                               bcs     *+5
000000r 2                               jmp     Target
000000r 2                       .endif
000000r 2               .endmacro
000000r 2               .macro  jvs     Target
000000r 2                       .if     .match(Target, 0)
000000r 2                               bvc     *+5
000000r 2                               jmp     Target
000000r 2                       .elseif .def(Target) .and .const((*-2)-(Target)) .and ((*+2)-(Target) <= 127)
000000r 2                               bvs     Target
000000r 2                       .else
000000r 2                               bvc     *+5
000000r 2                               jmp     Target
000000r 2                       .endif
000000r 2               .endmacro
000000r 2               .macro  jvc     Target
000000r 2                       .if     .match(Target, 0)
000000r 2                               bvs     *+5
000000r 2                               jmp     Target
000000r 2                       .elseif .def(Target) .and .const((*-2)-(Target)) .and ((*+2)-(Target) <= 127)
000000r 2                               bvc     Target
000000r 2                       .else
000000r 2                               bvs     *+5
000000r 2                               jmp     Target
000000r 2                       .endif
000000r 2               .endmacro
000000r 2               
000000r 1               	.export		_stop_execution
000000r 1               	.export		_set_psel
000000r 1               	.export		_set_penable
000000r 1               	.export		_set_presetn
000000r 1               	.export		_set_pwrite
000000r 1               	.export		_get_pready
000000r 1               	.export		_set_pwdata_8
000000r 1               	.export		_set_pwdata_16
000000r 1               	.export		_set_pwdata
000000r 1               	.export		_set_pwdata_15_0
000000r 1               	.export		_set_pwdata_31_16
000000r 1               	.export		_set_pwdata_7_0
000000r 1               	.export		_set_pwdata_15_8
000000r 1               	.export		_set_pwdata_23_16
000000r 1               	.export		_set_pwdata_31_24
000000r 1               	.export		_set_paddr_8
000000r 1               	.export		_set_paddr_16
000000r 1               	.export		_set_paddr
000000r 1               	.export		_set_paddr_15_0
000000r 1               	.export		_set_paddr_31_16
000000r 1               	.export		_set_paddr_7_0
000000r 1               	.export		_set_paddr_15_8
000000r 1               	.export		_set_paddr_23_16
000000r 1               	.export		_set_paddr_31_24
000000r 1               	.export		_get_prdata_8
000000r 1               	.export		_get_prdata_16
000000r 1               	.export		_get_prdata
000000r 1               	.export		_get_prdata_15_0
000000r 1               	.export		_get_prdata_31_16
000000r 1               	.export		_get_prdata_7_0
000000r 1               	.export		_get_prdata_15_8
000000r 1               	.export		_get_prdata_23_16
000000r 1               	.export		_get_prdata_31_24
000000r 1               	.export		_reset_flags
000000r 1               
000000r 1               ; ---------------------------------------------------------------
000000r 1               ; void __near__ stop_execution (void)
000000r 1               ; ---------------------------------------------------------------
000000r 1               
000000r 1               .segment	"CODE"
000000r 1               
000000r 1               .proc	_stop_execution: near
000000r 1               
000000r 1               .segment	"CODE"
000000r 1               
000000r 1  A9 01        	lda     #$01
000002r 1  8D 1F 3C     	sta     $3C1F
000005r 1  4C rr rr     L0170:	jmp     L0170
000008r 1               
000008r 1               .endproc
000008r 1               
000008r 1               ; ---------------------------------------------------------------
000008r 1               ; unsigned char __near__ set_psel (unsigned char)
000008r 1               ; ---------------------------------------------------------------
000008r 1               
000008r 1               .segment	"CODE"
000008r 1               
000008r 1               .proc	_set_psel: near
000008r 1               
000008r 1               .segment	"CODE"
000008r 1               
000008r 1  20 rr rr     	jsr     pusha
00000Br 1  A0 00        	ldy     #$00
00000Dr 1  A2 00        	ldx     #$00
00000Fr 1  B1 rr        	lda     (sp),y
000011r 1  F0 13        	beq     L017B
000013r 1  B1 rr        	lda     (sp),y
000015r 1  F0 0C        	beq     L0177
000017r 1  38           	sec
000018r 1  E9 01        	sbc     #$01
00001Ar 1  31 rr        	and     (sp),y
00001Cr 1  48           	pha
00001Dr 1  68           	pla
00001Er 1  F0 06        	beq     L017B
000020r 1  4C rr rr     	jmp     L017F
000023r 1  4C rr rr     L0177:	jmp     incsp1
000026r 1  B1 rr        L017B:	lda     (sp),y
000028r 1  8D 20 3C     	sta     $3C20
00002Br 1  8A           L017F:	txa
00002Cr 1  4C rr rr     	jmp     incsp1
00002Fr 1               
00002Fr 1               .endproc
00002Fr 1               
00002Fr 1               ; ---------------------------------------------------------------
00002Fr 1               ; unsigned char __near__ set_penable (unsigned char)
00002Fr 1               ; ---------------------------------------------------------------
00002Fr 1               
00002Fr 1               .segment	"CODE"
00002Fr 1               
00002Fr 1               .proc	_set_penable: near
00002Fr 1               
00002Fr 1               .segment	"CODE"
00002Fr 1               
00002Fr 1  20 rr rr     	jsr     pusha
000032r 1  A0 00        	ldy     #$00
000034r 1  B1 rr        	lda     (sp),y
000036r 1  8D 29 3C     	sta     $3C29
000039r 1  A2 00        	ldx     #$00
00003Br 1  8A           	txa
00003Cr 1  4C rr rr     	jmp     incsp1
00003Fr 1               
00003Fr 1               .endproc
00003Fr 1               
00003Fr 1               ; ---------------------------------------------------------------
00003Fr 1               ; unsigned char __near__ set_presetn (unsigned char)
00003Fr 1               ; ---------------------------------------------------------------
00003Fr 1               
00003Fr 1               .segment	"CODE"
00003Fr 1               
00003Fr 1               .proc	_set_presetn: near
00003Fr 1               
00003Fr 1               .segment	"CODE"
00003Fr 1               
00003Fr 1  20 rr rr     	jsr     pusha
000042r 1  A0 00        	ldy     #$00
000044r 1  B1 rr        	lda     (sp),y
000046r 1  8D 2B 3C     	sta     $3C2B
000049r 1  A2 00        	ldx     #$00
00004Br 1  8A           	txa
00004Cr 1  4C rr rr     	jmp     incsp1
00004Fr 1               
00004Fr 1               .endproc
00004Fr 1               
00004Fr 1               ; ---------------------------------------------------------------
00004Fr 1               ; unsigned char __near__ set_pwrite (unsigned char)
00004Fr 1               ; ---------------------------------------------------------------
00004Fr 1               
00004Fr 1               .segment	"CODE"
00004Fr 1               
00004Fr 1               .proc	_set_pwrite: near
00004Fr 1               
00004Fr 1               .segment	"CODE"
00004Fr 1               
00004Fr 1  20 rr rr     	jsr     pusha
000052r 1  A0 00        	ldy     #$00
000054r 1  B1 rr        	lda     (sp),y
000056r 1  8D 2A 3C     	sta     $3C2A
000059r 1  A2 00        	ldx     #$00
00005Br 1  8A           	txa
00005Cr 1  4C rr rr     	jmp     incsp1
00005Fr 1               
00005Fr 1               .endproc
00005Fr 1               
00005Fr 1               ; ---------------------------------------------------------------
00005Fr 1               ; unsigned char __near__ get_pready (void)
00005Fr 1               ; ---------------------------------------------------------------
00005Fr 1               
00005Fr 1               .segment	"CODE"
00005Fr 1               
00005Fr 1               .proc	_get_pready: near
00005Fr 1               
00005Fr 1               .segment	"CODE"
00005Fr 1               
00005Fr 1  A2 00        	ldx     #$00
000061r 1  AD 14 3C     	lda     $3C14
000064r 1  60           	rts
000065r 1               
000065r 1               .endproc
000065r 1               
000065r 1               ; ---------------------------------------------------------------
000065r 1               ; void __near__ set_pwdata_8 (unsigned char, unsigned char, unsigned char, unsigned char)
000065r 1               ; ---------------------------------------------------------------
000065r 1               
000065r 1               .segment	"CODE"
000065r 1               
000065r 1               .proc	_set_pwdata_8: near
000065r 1               
000065r 1               .segment	"CODE"
000065r 1               
000065r 1  20 rr rr     	jsr     pusha
000068r 1  A0 03        	ldy     #$03
00006Ar 1  B1 rr        	lda     (sp),y
00006Cr 1  8D 21 3C     	sta     $3C21
00006Fr 1  88           	dey
000070r 1  B1 rr        	lda     (sp),y
000072r 1  8D 22 3C     	sta     $3C22
000075r 1  88           	dey
000076r 1  B1 rr        	lda     (sp),y
000078r 1  8D 23 3C     	sta     $3C23
00007Br 1  88           	dey
00007Cr 1  B1 rr        	lda     (sp),y
00007Er 1  8D 24 3C     	sta     $3C24
000081r 1  4C rr rr     	jmp     incsp4
000084r 1               
000084r 1               .endproc
000084r 1               
000084r 1               ; ---------------------------------------------------------------
000084r 1               ; void __near__ set_pwdata_16 (unsigned int, unsigned int)
000084r 1               ; ---------------------------------------------------------------
000084r 1               
000084r 1               .segment	"CODE"
000084r 1               
000084r 1               .proc	_set_pwdata_16: near
000084r 1               
000084r 1               .segment	"CODE"
000084r 1               
000084r 1  20 rr rr     	jsr     pushax
000087r 1  A0 02        	ldy     #$02
000089r 1  B1 rr        	lda     (sp),y
00008Br 1  8D 21 3C     	sta     $3C21
00008Er 1  C8           	iny
00008Fr 1  B1 rr        	lda     (sp),y
000091r 1  8D 22 3C     	sta     $3C22
000094r 1  A0 00        	ldy     #$00
000096r 1  B1 rr        	lda     (sp),y
000098r 1  8D 23 3C     	sta     $3C23
00009Br 1  C8           	iny
00009Cr 1  B1 rr        	lda     (sp),y
00009Er 1  8D 24 3C     	sta     $3C24
0000A1r 1  4C rr rr     	jmp     incsp4
0000A4r 1               
0000A4r 1               .endproc
0000A4r 1               
0000A4r 1               ; ---------------------------------------------------------------
0000A4r 1               ; void __near__ set_pwdata (unsigned long)
0000A4r 1               ; ---------------------------------------------------------------
0000A4r 1               
0000A4r 1               .segment	"CODE"
0000A4r 1               
0000A4r 1               .proc	_set_pwdata: near
0000A4r 1               
0000A4r 1               .segment	"CODE"
0000A4r 1               
0000A4r 1  20 rr rr     	jsr     pusheax
0000A7r 1  20 rr rr     	jsr     ldeax0sp
0000AAr 1  8D 21 3C     	sta     $3C21
0000ADr 1  20 rr rr     	jsr     ldeax0sp
0000B0r 1  8E 22 3C     	stx     $3C22
0000B3r 1  20 rr rr     	jsr     ldeax0sp
0000B6r 1  20 rr rr     	jsr     pusheax
0000B9r 1  A2 00        	ldx     #$00
0000BBr 1  86 rr        	stx     sreg+1
0000BDr 1  A9 FF        	lda     #$FF
0000BFr 1  85 rr        	sta     sreg
0000C1r 1  8A           	txa
0000C2r 1  20 rr rr     	jsr     tosandeax
0000C5r 1  A5 rr        	lda     sreg
0000C7r 1  8D 23 3C     	sta     $3C23
0000CAr 1  20 rr rr     	jsr     ldeax0sp
0000CDr 1  20 rr rr     	jsr     pusheax
0000D0r 1  A2 00        	ldx     #$00
0000D2r 1  86 rr        	stx     sreg
0000D4r 1  A9 FF        	lda     #$FF
0000D6r 1  85 rr        	sta     sreg+1
0000D8r 1  8A           	txa
0000D9r 1  20 rr rr     	jsr     tosandeax
0000DCr 1  A5 rr        	lda     sreg+1
0000DEr 1  8D 24 3C     	sta     $3C24
0000E1r 1  4C rr rr     	jmp     incsp4
0000E4r 1               
0000E4r 1               .endproc
0000E4r 1               
0000E4r 1               ; ---------------------------------------------------------------
0000E4r 1               ; void __near__ set_pwdata_15_0 (unsigned int)
0000E4r 1               ; ---------------------------------------------------------------
0000E4r 1               
0000E4r 1               .segment	"CODE"
0000E4r 1               
0000E4r 1               .proc	_set_pwdata_15_0: near
0000E4r 1               
0000E4r 1               .segment	"CODE"
0000E4r 1               
0000E4r 1  20 rr rr     	jsr     pushax
0000E7r 1  A0 00        	ldy     #$00
0000E9r 1  B1 rr        	lda     (sp),y
0000EBr 1  8D 21 3C     	sta     $3C21
0000EEr 1  C8           	iny
0000EFr 1  B1 rr        	lda     (sp),y
0000F1r 1  8D 22 3C     	sta     $3C22
0000F4r 1  4C rr rr     	jmp     incsp2
0000F7r 1               
0000F7r 1               .endproc
0000F7r 1               
0000F7r 1               ; ---------------------------------------------------------------
0000F7r 1               ; void __near__ set_pwdata_31_16 (unsigned int)
0000F7r 1               ; ---------------------------------------------------------------
0000F7r 1               
0000F7r 1               .segment	"CODE"
0000F7r 1               
0000F7r 1               .proc	_set_pwdata_31_16: near
0000F7r 1               
0000F7r 1               .segment	"CODE"
0000F7r 1               
0000F7r 1  20 rr rr     	jsr     pushax
0000FAr 1  A0 00        	ldy     #$00
0000FCr 1  B1 rr        	lda     (sp),y
0000FEr 1  8D 23 3C     	sta     $3C23
000101r 1  C8           	iny
000102r 1  B1 rr        	lda     (sp),y
000104r 1  8D 24 3C     	sta     $3C24
000107r 1  4C rr rr     	jmp     incsp2
00010Ar 1               
00010Ar 1               .endproc
00010Ar 1               
00010Ar 1               ; ---------------------------------------------------------------
00010Ar 1               ; void __near__ set_pwdata_7_0 (unsigned char)
00010Ar 1               ; ---------------------------------------------------------------
00010Ar 1               
00010Ar 1               .segment	"CODE"
00010Ar 1               
00010Ar 1               .proc	_set_pwdata_7_0: near
00010Ar 1               
00010Ar 1               .segment	"CODE"
00010Ar 1               
00010Ar 1  20 rr rr     	jsr     pusha
00010Dr 1  A0 00        	ldy     #$00
00010Fr 1  B1 rr        	lda     (sp),y
000111r 1  8D 21 3C     	sta     $3C21
000114r 1  4C rr rr     	jmp     incsp1
000117r 1               
000117r 1               .endproc
000117r 1               
000117r 1               ; ---------------------------------------------------------------
000117r 1               ; void __near__ set_pwdata_15_8 (unsigned char)
000117r 1               ; ---------------------------------------------------------------
000117r 1               
000117r 1               .segment	"CODE"
000117r 1               
000117r 1               .proc	_set_pwdata_15_8: near
000117r 1               
000117r 1               .segment	"CODE"
000117r 1               
000117r 1  20 rr rr     	jsr     pusha
00011Ar 1  A0 00        	ldy     #$00
00011Cr 1  B1 rr        	lda     (sp),y
00011Er 1  8D 22 3C     	sta     $3C22
000121r 1  4C rr rr     	jmp     incsp1
000124r 1               
000124r 1               .endproc
000124r 1               
000124r 1               ; ---------------------------------------------------------------
000124r 1               ; void __near__ set_pwdata_23_16 (unsigned char)
000124r 1               ; ---------------------------------------------------------------
000124r 1               
000124r 1               .segment	"CODE"
000124r 1               
000124r 1               .proc	_set_pwdata_23_16: near
000124r 1               
000124r 1               .segment	"CODE"
000124r 1               
000124r 1  20 rr rr     	jsr     pusha
000127r 1  A0 00        	ldy     #$00
000129r 1  B1 rr        	lda     (sp),y
00012Br 1  8D 23 3C     	sta     $3C23
00012Er 1  4C rr rr     	jmp     incsp1
000131r 1               
000131r 1               .endproc
000131r 1               
000131r 1               ; ---------------------------------------------------------------
000131r 1               ; void __near__ set_pwdata_31_24 (unsigned char)
000131r 1               ; ---------------------------------------------------------------
000131r 1               
000131r 1               .segment	"CODE"
000131r 1               
000131r 1               .proc	_set_pwdata_31_24: near
000131r 1               
000131r 1               .segment	"CODE"
000131r 1               
000131r 1  20 rr rr     	jsr     pusha
000134r 1  A0 00        	ldy     #$00
000136r 1  B1 rr        	lda     (sp),y
000138r 1  8D 24 3C     	sta     $3C24
00013Br 1  4C rr rr     	jmp     incsp1
00013Er 1               
00013Er 1               .endproc
00013Er 1               
00013Er 1               ; ---------------------------------------------------------------
00013Er 1               ; void __near__ set_paddr_8 (unsigned char, unsigned char, unsigned char, unsigned char)
00013Er 1               ; ---------------------------------------------------------------
00013Er 1               
00013Er 1               .segment	"CODE"
00013Er 1               
00013Er 1               .proc	_set_paddr_8: near
00013Er 1               
00013Er 1               .segment	"CODE"
00013Er 1               
00013Er 1  20 rr rr     	jsr     pusha
000141r 1  A0 03        	ldy     #$03
000143r 1  B1 rr        	lda     (sp),y
000145r 1  8D 25 3C     	sta     $3C25
000148r 1  88           	dey
000149r 1  B1 rr        	lda     (sp),y
00014Br 1  8D 26 3C     	sta     $3C26
00014Er 1  88           	dey
00014Fr 1  B1 rr        	lda     (sp),y
000151r 1  8D 27 3C     	sta     $3C27
000154r 1  88           	dey
000155r 1  B1 rr        	lda     (sp),y
000157r 1  8D 28 3C     	sta     $3C28
00015Ar 1  4C rr rr     	jmp     incsp4
00015Dr 1               
00015Dr 1               .endproc
00015Dr 1               
00015Dr 1               ; ---------------------------------------------------------------
00015Dr 1               ; void __near__ set_paddr_16 (unsigned int, unsigned int)
00015Dr 1               ; ---------------------------------------------------------------
00015Dr 1               
00015Dr 1               .segment	"CODE"
00015Dr 1               
00015Dr 1               .proc	_set_paddr_16: near
00015Dr 1               
00015Dr 1               .segment	"CODE"
00015Dr 1               
00015Dr 1  20 rr rr     	jsr     pushax
000160r 1  A0 02        	ldy     #$02
000162r 1  B1 rr        	lda     (sp),y
000164r 1  8D 25 3C     	sta     $3C25
000167r 1  C8           	iny
000168r 1  B1 rr        	lda     (sp),y
00016Ar 1  8D 26 3C     	sta     $3C26
00016Dr 1  A0 00        	ldy     #$00
00016Fr 1  B1 rr        	lda     (sp),y
000171r 1  8D 27 3C     	sta     $3C27
000174r 1  C8           	iny
000175r 1  B1 rr        	lda     (sp),y
000177r 1  8D 28 3C     	sta     $3C28
00017Ar 1  4C rr rr     	jmp     incsp4
00017Dr 1               
00017Dr 1               .endproc
00017Dr 1               
00017Dr 1               ; ---------------------------------------------------------------
00017Dr 1               ; void __near__ set_paddr (unsigned long)
00017Dr 1               ; ---------------------------------------------------------------
00017Dr 1               
00017Dr 1               .segment	"CODE"
00017Dr 1               
00017Dr 1               .proc	_set_paddr: near
00017Dr 1               
00017Dr 1               .segment	"CODE"
00017Dr 1               
00017Dr 1  20 rr rr     	jsr     pusheax
000180r 1  20 rr rr     	jsr     ldeax0sp
000183r 1  8D 25 3C     	sta     $3C25
000186r 1  20 rr rr     	jsr     ldeax0sp
000189r 1  8E 26 3C     	stx     $3C26
00018Cr 1  20 rr rr     	jsr     ldeax0sp
00018Fr 1  20 rr rr     	jsr     pusheax
000192r 1  A2 00        	ldx     #$00
000194r 1  86 rr        	stx     sreg+1
000196r 1  A9 FF        	lda     #$FF
000198r 1  85 rr        	sta     sreg
00019Ar 1  8A           	txa
00019Br 1  20 rr rr     	jsr     tosandeax
00019Er 1  A5 rr        	lda     sreg
0001A0r 1  8D 27 3C     	sta     $3C27
0001A3r 1  20 rr rr     	jsr     ldeax0sp
0001A6r 1  20 rr rr     	jsr     pusheax
0001A9r 1  A2 00        	ldx     #$00
0001ABr 1  86 rr        	stx     sreg
0001ADr 1  A9 FF        	lda     #$FF
0001AFr 1  85 rr        	sta     sreg+1
0001B1r 1  8A           	txa
0001B2r 1  20 rr rr     	jsr     tosandeax
0001B5r 1  A5 rr        	lda     sreg+1
0001B7r 1  8D 28 3C     	sta     $3C28
0001BAr 1  4C rr rr     	jmp     incsp4
0001BDr 1               
0001BDr 1               .endproc
0001BDr 1               
0001BDr 1               ; ---------------------------------------------------------------
0001BDr 1               ; void __near__ set_paddr_15_0 (unsigned int)
0001BDr 1               ; ---------------------------------------------------------------
0001BDr 1               
0001BDr 1               .segment	"CODE"
0001BDr 1               
0001BDr 1               .proc	_set_paddr_15_0: near
0001BDr 1               
0001BDr 1               .segment	"CODE"
0001BDr 1               
0001BDr 1  20 rr rr     	jsr     pushax
0001C0r 1  A0 00        	ldy     #$00
0001C2r 1  B1 rr        	lda     (sp),y
0001C4r 1  8D 25 3C     	sta     $3C25
0001C7r 1  C8           	iny
0001C8r 1  B1 rr        	lda     (sp),y
0001CAr 1  8D 26 3C     	sta     $3C26
0001CDr 1  4C rr rr     	jmp     incsp2
0001D0r 1               
0001D0r 1               .endproc
0001D0r 1               
0001D0r 1               ; ---------------------------------------------------------------
0001D0r 1               ; void __near__ set_paddr_31_16 (unsigned int)
0001D0r 1               ; ---------------------------------------------------------------
0001D0r 1               
0001D0r 1               .segment	"CODE"
0001D0r 1               
0001D0r 1               .proc	_set_paddr_31_16: near
0001D0r 1               
0001D0r 1               .segment	"CODE"
0001D0r 1               
0001D0r 1  20 rr rr     	jsr     pushax
0001D3r 1  A0 00        	ldy     #$00
0001D5r 1  B1 rr        	lda     (sp),y
0001D7r 1  8D 27 3C     	sta     $3C27
0001DAr 1  C8           	iny
0001DBr 1  B1 rr        	lda     (sp),y
0001DDr 1  8D 28 3C     	sta     $3C28
0001E0r 1  4C rr rr     	jmp     incsp2
0001E3r 1               
0001E3r 1               .endproc
0001E3r 1               
0001E3r 1               ; ---------------------------------------------------------------
0001E3r 1               ; void __near__ set_paddr_7_0 (unsigned char)
0001E3r 1               ; ---------------------------------------------------------------
0001E3r 1               
0001E3r 1               .segment	"CODE"
0001E3r 1               
0001E3r 1               .proc	_set_paddr_7_0: near
0001E3r 1               
0001E3r 1               .segment	"CODE"
0001E3r 1               
0001E3r 1  20 rr rr     	jsr     pusha
0001E6r 1  A0 00        	ldy     #$00
0001E8r 1  B1 rr        	lda     (sp),y
0001EAr 1  8D 25 3C     	sta     $3C25
0001EDr 1  4C rr rr     	jmp     incsp1
0001F0r 1               
0001F0r 1               .endproc
0001F0r 1               
0001F0r 1               ; ---------------------------------------------------------------
0001F0r 1               ; void __near__ set_paddr_15_8 (unsigned char)
0001F0r 1               ; ---------------------------------------------------------------
0001F0r 1               
0001F0r 1               .segment	"CODE"
0001F0r 1               
0001F0r 1               .proc	_set_paddr_15_8: near
0001F0r 1               
0001F0r 1               .segment	"CODE"
0001F0r 1               
0001F0r 1  20 rr rr     	jsr     pusha
0001F3r 1  A0 00        	ldy     #$00
0001F5r 1  B1 rr        	lda     (sp),y
0001F7r 1  8D 26 3C     	sta     $3C26
0001FAr 1  4C rr rr     	jmp     incsp1
0001FDr 1               
0001FDr 1               .endproc
0001FDr 1               
0001FDr 1               ; ---------------------------------------------------------------
0001FDr 1               ; void __near__ set_paddr_23_16 (unsigned char)
0001FDr 1               ; ---------------------------------------------------------------
0001FDr 1               
0001FDr 1               .segment	"CODE"
0001FDr 1               
0001FDr 1               .proc	_set_paddr_23_16: near
0001FDr 1               
0001FDr 1               .segment	"CODE"
0001FDr 1               
0001FDr 1  20 rr rr     	jsr     pusha
000200r 1  A0 00        	ldy     #$00
000202r 1  B1 rr        	lda     (sp),y
000204r 1  8D 27 3C     	sta     $3C27
000207r 1  4C rr rr     	jmp     incsp1
00020Ar 1               
00020Ar 1               .endproc
00020Ar 1               
00020Ar 1               ; ---------------------------------------------------------------
00020Ar 1               ; void __near__ set_paddr_31_24 (unsigned char)
00020Ar 1               ; ---------------------------------------------------------------
00020Ar 1               
00020Ar 1               .segment	"CODE"
00020Ar 1               
00020Ar 1               .proc	_set_paddr_31_24: near
00020Ar 1               
00020Ar 1               .segment	"CODE"
00020Ar 1               
00020Ar 1  20 rr rr     	jsr     pusha
00020Dr 1  A0 00        	ldy     #$00
00020Fr 1  B1 rr        	lda     (sp),y
000211r 1  8D 28 3C     	sta     $3C28
000214r 1  4C rr rr     	jmp     incsp1
000217r 1               
000217r 1               .endproc
000217r 1               
000217r 1               ; ---------------------------------------------------------------
000217r 1               ; void __near__ get_prdata_8 (__near__ unsigned char *, __near__ unsigned char *, __near__ unsigned char *, __near__ unsigned char *)
000217r 1               ; ---------------------------------------------------------------
000217r 1               
000217r 1               .segment	"CODE"
000217r 1               
000217r 1               .proc	_get_prdata_8: near
000217r 1               
000217r 1               .segment	"CODE"
000217r 1               
000217r 1  20 rr rr     	jsr     pushax
00021Ar 1  A0 07        	ldy     #$07
00021Cr 1  B1 rr        	lda     (sp),y
00021Er 1  85 rr        	sta     ptr1+1
000220r 1  88           	dey
000221r 1  B1 rr        	lda     (sp),y
000223r 1  85 rr        	sta     ptr1
000225r 1  AD 10 3C     	lda     $3C10
000228r 1  A0 00        	ldy     #$00
00022Ar 1  91 rr        	sta     (ptr1),y
00022Cr 1  A0 05        	ldy     #$05
00022Er 1  B1 rr        	lda     (sp),y
000230r 1  85 rr        	sta     ptr1+1
000232r 1  88           	dey
000233r 1  B1 rr        	lda     (sp),y
000235r 1  85 rr        	sta     ptr1
000237r 1  AD 11 3C     	lda     $3C11
00023Ar 1  A0 00        	ldy     #$00
00023Cr 1  91 rr        	sta     (ptr1),y
00023Er 1  A0 03        	ldy     #$03
000240r 1  B1 rr        	lda     (sp),y
000242r 1  85 rr        	sta     ptr1+1
000244r 1  88           	dey
000245r 1  B1 rr        	lda     (sp),y
000247r 1  85 rr        	sta     ptr1
000249r 1  AD 12 3C     	lda     $3C12
00024Cr 1  A0 00        	ldy     #$00
00024Er 1  91 rr        	sta     (ptr1),y
000250r 1  C8           	iny
000251r 1  B1 rr        	lda     (sp),y
000253r 1  85 rr        	sta     ptr1+1
000255r 1  88           	dey
000256r 1  B1 rr        	lda     (sp),y
000258r 1  85 rr        	sta     ptr1
00025Ar 1  AD 13 3C     	lda     $3C13
00025Dr 1  91 rr        	sta     (ptr1),y
00025Fr 1  4C rr rr     	jmp     incsp8
000262r 1               
000262r 1               .endproc
000262r 1               
000262r 1               ; ---------------------------------------------------------------
000262r 1               ; void __near__ get_prdata_16 (__near__ unsigned int *, __near__ unsigned int *)
000262r 1               ; ---------------------------------------------------------------
000262r 1               
000262r 1               .segment	"CODE"
000262r 1               
000262r 1               .proc	_get_prdata_16: near
000262r 1               
000262r 1               .segment	"CODE"
000262r 1               
000262r 1  20 rr rr     	jsr     pushax
000265r 1  A0 03        	ldy     #$03
000267r 1  B1 rr        	lda     (sp),y
000269r 1  85 rr        	sta     ptr1+1
00026Br 1  88           	dey
00026Cr 1  B1 rr        	lda     (sp),y
00026Er 1  85 rr        	sta     ptr1
000270r 1  AD 10 3C     	lda     $3C10
000273r 1  18           	clc
000274r 1  69 00        	adc     #$00
000276r 1  AE 11 3C     	ldx     $3C11
000279r 1  90 01        	bcc     L0180
00027Br 1  E8           	inx
00027Cr 1  A0 00        L0180:	ldy     #$00
00027Er 1  91 rr        	sta     (ptr1),y
000280r 1  C8           	iny
000281r 1  8A           	txa
000282r 1  91 rr        	sta     (ptr1),y
000284r 1  B1 rr        	lda     (sp),y
000286r 1  85 rr        	sta     ptr1+1
000288r 1  88           	dey
000289r 1  B1 rr        	lda     (sp),y
00028Br 1  85 rr        	sta     ptr1
00028Dr 1  AD 12 3C     	lda     $3C12
000290r 1  18           	clc
000291r 1  69 00        	adc     #$00
000293r 1  AE 13 3C     	ldx     $3C13
000296r 1  90 01        	bcc     L0181
000298r 1  E8           	inx
000299r 1  91 rr        L0181:	sta     (ptr1),y
00029Br 1  C8           	iny
00029Cr 1  8A           	txa
00029Dr 1  91 rr        	sta     (ptr1),y
00029Fr 1  4C rr rr     	jmp     incsp4
0002A2r 1               
0002A2r 1               .endproc
0002A2r 1               
0002A2r 1               ; ---------------------------------------------------------------
0002A2r 1               ; unsigned long __near__ get_prdata (void)
0002A2r 1               ; ---------------------------------------------------------------
0002A2r 1               
0002A2r 1               .segment	"CODE"
0002A2r 1               
0002A2r 1               .proc	_get_prdata: near
0002A2r 1               
0002A2r 1               .segment	"CODE"
0002A2r 1               
0002A2r 1  AD 13 3C     	lda     $3C13
0002A5r 1  A2 00        	ldx     #$00
0002A7r 1  85 rr        	sta     sreg+1
0002A9r 1  8A           	txa
0002AAr 1  85 rr        	sta     sreg
0002ACr 1  20 rr rr     	jsr     pusheax
0002AFr 1  AD 12 3C     	lda     $3C12
0002B2r 1  86 rr        	stx     sreg+1
0002B4r 1  85 rr        	sta     sreg
0002B6r 1  8A           	txa
0002B7r 1  20 rr rr     	jsr     tosaddeax
0002BAr 1  20 rr rr     	jsr     pusheax
0002BDr 1  AE 11 3C     	ldx     $3C11
0002C0r 1  A9 00        	lda     #$00
0002C2r 1  20 rr rr     	jsr     tosadd0ax
0002C5r 1  20 rr rr     	jsr     pusheax
0002C8r 1  AD 10 3C     	lda     $3C10
0002CBr 1  A2 00        	ldx     #$00
0002CDr 1  86 rr        	stx     sreg
0002CFr 1  86 rr        	stx     sreg+1
0002D1r 1  4C rr rr     	jmp     tosaddeax
0002D4r 1               
0002D4r 1               .endproc
0002D4r 1               
0002D4r 1               ; ---------------------------------------------------------------
0002D4r 1               ; unsigned int __near__ get_prdata_15_0 (void)
0002D4r 1               ; ---------------------------------------------------------------
0002D4r 1               
0002D4r 1               .segment	"CODE"
0002D4r 1               
0002D4r 1               .proc	_get_prdata_15_0: near
0002D4r 1               
0002D4r 1               .segment	"CODE"
0002D4r 1               
0002D4r 1  AE 11 3C     	ldx     $3C11
0002D7r 1  A9 00        	lda     #$00
0002D9r 1  20 rr rr     	jsr     pushax
0002DCr 1  AD 10 3C     	lda     $3C10
0002DFr 1  A2 00        	ldx     #$00
0002E1r 1  4C rr rr     	jmp     tosaddax
0002E4r 1               
0002E4r 1               .endproc
0002E4r 1               
0002E4r 1               ; ---------------------------------------------------------------
0002E4r 1               ; unsigned int __near__ get_prdata_31_16 (void)
0002E4r 1               ; ---------------------------------------------------------------
0002E4r 1               
0002E4r 1               .segment	"CODE"
0002E4r 1               
0002E4r 1               .proc	_get_prdata_31_16: near
0002E4r 1               
0002E4r 1               .segment	"CODE"
0002E4r 1               
0002E4r 1  AE 13 3C     	ldx     $3C13
0002E7r 1  A9 00        	lda     #$00
0002E9r 1  20 rr rr     	jsr     pushax
0002ECr 1  AD 12 3C     	lda     $3C12
0002EFr 1  A2 00        	ldx     #$00
0002F1r 1  4C rr rr     	jmp     tosaddax
0002F4r 1               
0002F4r 1               .endproc
0002F4r 1               
0002F4r 1               ; ---------------------------------------------------------------
0002F4r 1               ; unsigned char __near__ get_prdata_7_0 (void)
0002F4r 1               ; ---------------------------------------------------------------
0002F4r 1               
0002F4r 1               .segment	"CODE"
0002F4r 1               
0002F4r 1               .proc	_get_prdata_7_0: near
0002F4r 1               
0002F4r 1               .segment	"CODE"
0002F4r 1               
0002F4r 1  A2 00        	ldx     #$00
0002F6r 1  AD 10 3C     	lda     $3C10
0002F9r 1  60           	rts
0002FAr 1               
0002FAr 1               .endproc
0002FAr 1               
0002FAr 1               ; ---------------------------------------------------------------
0002FAr 1               ; unsigned char __near__ get_prdata_15_8 (void)
0002FAr 1               ; ---------------------------------------------------------------
0002FAr 1               
0002FAr 1               .segment	"CODE"
0002FAr 1               
0002FAr 1               .proc	_get_prdata_15_8: near
0002FAr 1               
0002FAr 1               .segment	"CODE"
0002FAr 1               
0002FAr 1  A2 00        	ldx     #$00
0002FCr 1  AD 11 3C     	lda     $3C11
0002FFr 1  60           	rts
000300r 1               
000300r 1               .endproc
000300r 1               
000300r 1               ; ---------------------------------------------------------------
000300r 1               ; unsigned char __near__ get_prdata_23_16 (void)
000300r 1               ; ---------------------------------------------------------------
000300r 1               
000300r 1               .segment	"CODE"
000300r 1               
000300r 1               .proc	_get_prdata_23_16: near
000300r 1               
000300r 1               .segment	"CODE"
000300r 1               
000300r 1  A2 00        	ldx     #$00
000302r 1  AD 12 3C     	lda     $3C12
000305r 1  60           	rts
000306r 1               
000306r 1               .endproc
000306r 1               
000306r 1               ; ---------------------------------------------------------------
000306r 1               ; unsigned char __near__ get_prdata_31_24 (void)
000306r 1               ; ---------------------------------------------------------------
000306r 1               
000306r 1               .segment	"CODE"
000306r 1               
000306r 1               .proc	_get_prdata_31_24: near
000306r 1               
000306r 1               .segment	"CODE"
000306r 1               
000306r 1  A2 00        	ldx     #$00
000308r 1  AD 13 3C     	lda     $3C13
00030Br 1  60           	rts
00030Cr 1               
00030Cr 1               .endproc
00030Cr 1               
00030Cr 1               ; ---------------------------------------------------------------
00030Cr 1               ; void __near__ reset_flags (void)
00030Cr 1               ; ---------------------------------------------------------------
00030Cr 1               
00030Cr 1               .segment	"CODE"
00030Cr 1               
00030Cr 1               .proc	_reset_flags: near
00030Cr 1               
00030Cr 1               .segment	"CODE"
00030Cr 1               
00030Cr 1  A9 00        	lda     #$00
00030Er 1  8D 2A 3C     	sta     $3C2A
000311r 1  8D 29 3C     	sta     $3C29
000314r 1  8D 2B 3C     	sta     $3C2B
000317r 1  8D 14 3C     	sta     $3C14
00031Ar 1  60           	rts
00031Br 1               
00031Br 1               .endproc
00031Br 1               
00031Br 1               
